<?xml version="1.0" encoding="UTF-8"?>
<!-- Generated by org.testng.reporters.JUnitReportReporter -->
<testsuite hostname="LAPTOP-3FF73V8C" name="PopUpPractise.PopUpClass" tests="1" failures="0" timestamp="21 Nov 2020 14:32:35 GMT" time="42.305" errors="0">
  <testcase name="popUpDetails" time="42.305" classname="PopUpPractise.PopUpClass"/>
</testsuite> <!-- PopUpPractise.PopUpClass -->
