<?xml version="1.0" encoding="UTF-8"?>
<!-- Generated by org.testng.reporters.JUnitReportReporter -->
<testsuite hostname="LAPTOP-3FF73V8C" name="Excel_Collections.ExcelCollection" tests="1" failures="0" timestamp="11 Oct 2020 17:01:13 GMT" time="633.909" errors="0">
  <testcase name="excel" time="633.909" classname="Excel_Collections.ExcelCollection"/>
</testsuite> <!-- Excel_Collections.ExcelCollection -->
