<?xml version="1.0" encoding="UTF-8"?>
<!-- Generated by org.testng.reporters.JUnitReportReporter -->
<testsuite hostname="LAPTOP-3FF73V8C" name="FreeCRM.FreeCrmDemo" tests="1" failures="0" timestamp="1 Nov 2020 16:22:51 GMT" time="12.200" errors="0">
  <testcase name="freeCrm" time="12.200" classname="FreeCRM.FreeCrmDemo"/>
</testsuite> <!-- FreeCRM.FreeCrmDemo -->
