<?xml version="1.0" encoding="UTF-8"?>
<!-- Generated by org.testng.reporters.JUnitReportReporter -->
<testsuite hostname="LAPTOP-3FF73V8C" name="SeleniumPractise.Selenium_flipkart" tests="1" failures="0" timestamp="1 Nov 2020 03:06:13 GMT" time="10.021" errors="0">
  <testcase name="flipkart" time="10.021" classname="SeleniumPractise.Selenium_flipkart"/>
</testsuite> <!-- SeleniumPractise.Selenium_flipkart -->
