<?xml version="1.0" encoding="UTF-8"?>
<!-- Generated by org.testng.reporters.JUnitReportReporter -->
<testsuite hostname="LAPTOP-3FF73V8C" name="Collections.Properties_ClassPractise" tests="1" failures="0" timestamp="18 Oct 2020 06:24:24 GMT" time="0.016" errors="0">
  <testcase name="propertiesPractise" time="0.016" classname="Collections.Properties_ClassPractise"/>
</testsuite> <!-- Collections.Properties_ClassPractise -->
