<?xml version="1.0" encoding="UTF-8"?>
<!-- Generated by org.testng.reporters.JUnitReportReporter -->
<testsuite hostname="LAPTOP-3FF73V8C" name="Collections.ArrayListDemo" tests="1" failures="0" timestamp="25 Oct 2020 15:00:22 GMT" time="0.021" errors="0">
  <testcase name="ArrayListDemo" time="0.021" classname="Collections.ArrayListDemo"/>
</testsuite> <!-- Collections.ArrayListDemo -->
